<root>
	<experiment>
		<name>app1</name>
		<results>
			<static>
				<nodes>100</nodes>
				<functions>10</functions>				
			</static>
			<dynamic>
				<iterations>1000</iterations>								
				<calls>100</calls>												
			</dynamic>			
		</results>
	</experiment>
	<experiment>
		<name>app2</name>	
		<results>
			<static>
				<nodes>200</nodes>
				<functions>20</functions>				
			</static>
			<dynamic>
				<iterations>2000</iterations>								
				<calls>200</calls>												
			</dynamic>			
		</results>
	</experiment>
	<experiment>
		<name>total</name>
		<results>			
			<static>
				<nodes>300</nodes>
				<functions>30</functions>				
			</static>
			<dynamic>
				<iterations>3000</iterations>								
				<calls>300</calls>												
			</dynamic>			
		</results>
	</experiment>		
</root>
